[0m[[0minfo[0m] [0m[32mBarnesHutSuite:[0m[0m
[0m[[0minfo[0m] [0m[31m- Empty: center of mass should be the center of the cell *** FAILED ***[0m[0m
[0m[[0minfo[0m] [0m[31m  scala.NotImplementedError: an implementation is missing[0m[0m
[0m[[0minfo[0m] [0m[31m  at scala.Predef$.$qmark$qmark$qmark(Predef.scala:225)[0m[0m
[0m[[0minfo[0m] [0m[31m  at barneshut.package$Empty.massX(package.scala:47)[0m[0m
[0m[[0minfo[0m] [0m[31m  at barneshut.BarnesHutSuite$$anonfun$1.apply$mcV$sp(BarnesHutSuite.scala:21)[0m[0m
[0m[[0minfo[0m] [0m[31m  at barneshut.BarnesHutSuite$$anonfun$1.apply(BarnesHutSuite.scala:19)[0m[0m
[0m[[0minfo[0m] [0m[31m  at barneshut.BarnesHutSuite$$anonfun$1.apply(BarnesHutSuite.scala:19)[0m[0m
[0m[[0minfo[0m] [0m[31m  at org.scalatest.Transformer$$anonfun$apply$1.apply$mcV$sp(Transformer.scala:22)[0m[0m
[0m[[0minfo[0m] [0m[31m  at org.scalatest.OutcomeOf$class.outcomeOf(OutcomeOf.scala:85)[0m[0m
[0m[[0minfo[0m] [0m[31m  at org.scalatest.OutcomeOf$.outcomeOf(OutcomeOf.scala:104)[0m[0m
[0m[[0minfo[0m] [0m[31m  at org.scalatest.Transformer.apply(Transformer.scala:22)[0m[0m
[0m[[0minfo[0m] [0m[31m  at org.scalatest.Transformer.apply(Transformer.scala:20)[0m[0m
[0m[[0minfo[0m] [0m[31m  ...[0m[0m
[0m[[0minfo[0m] [0m[31m- Empty: mass should be 0 *** FAILED ***[0m[0m
[0m[[0minfo[0m] [0m[31m  scala.NotImplementedError: an implementation is missing[0m[0m
[0m[[0minfo[0m] [0m[31m  at scala.Predef$.$qmark$qmark$qmark(Predef.scala:225)[0m[0m
[0m[[0minfo[0m] [0m[31m  at barneshut.package$Empty.mass(package.scala:49)[0m[0m
[0m[[0minfo[0m] [0m[31m  at barneshut.BarnesHutSuite$$anonfun$2.apply$mcV$sp(BarnesHutSuite.scala:27)[0m[0m
[0m[[0minfo[0m] [0m[31m  at barneshut.BarnesHutSuite$$anonfun$2.apply(BarnesHutSuite.scala:25)[0m[0m
[0m[[0minfo[0m] [0m[31m  at barneshut.BarnesHutSuite$$anonfun$2.apply(BarnesHutSuite.scala:25)[0m[0m
[0m[[0minfo[0m] [0m[31m  at org.scalatest.Transformer$$anonfun$apply$1.apply$mcV$sp(Transformer.scala:22)[0m[0m
[0m[[0minfo[0m] [0m[31m  at org.scalatest.OutcomeOf$class.outcomeOf(OutcomeOf.scala:85)[0m[0m
[0m[[0minfo[0m] [0m[31m  at org.scalatest.OutcomeOf$.outcomeOf(OutcomeOf.scala:104)[0m[0m
[0m[[0minfo[0m] [0m[31m  at org.scalatest.Transformer.apply(Transformer.scala:22)[0m[0m
[0m[[0minfo[0m] [0m[31m  at org.scalatest.Transformer.apply(Transformer.scala:20)[0m[0m
[0m[[0minfo[0m] [0m[31m  ...[0m[0m
[0m[[0minfo[0m] [0m[31m- Empty: total should be 0 *** FAILED ***[0m[0m
[0m[[0minfo[0m] [0m[31m  scala.NotImplementedError: an implementation is missing[0m[0m
[0m[[0minfo[0m] [0m[31m  at scala.Predef$.$qmark$qmark$qmark(Predef.scala:225)[0m[0m
[0m[[0minfo[0m] [0m[31m  at barneshut.package$Empty.total(package.scala:50)[0m[0m
[0m[[0minfo[0m] [0m[31m  at barneshut.BarnesHutSuite$$anonfun$3.apply$mcV$sp(BarnesHutSuite.scala:32)[0m[0m
[0m[[0minfo[0m] [0m[31m  at barneshut.BarnesHutSuite$$anonfun$3.apply(BarnesHutSuite.scala:30)[0m[0m
[0m[[0minfo[0m] [0m[31m  at barneshut.BarnesHutSuite$$anonfun$3.apply(BarnesHutSuite.scala:30)[0m[0m
[0m[[0minfo[0m] [0m[31m  at org.scalatest.Transformer$$anonfun$apply$1.apply$mcV$sp(Transformer.scala:22)[0m[0m
[0m[[0minfo[0m] [0m[31m  at org.scalatest.OutcomeOf$class.outcomeOf(OutcomeOf.scala:85)[0m[0m
[0m[[0minfo[0m] [0m[31m  at org.scalatest.OutcomeOf$.outcomeOf(OutcomeOf.scala:104)[0m[0m
[0m[[0minfo[0m] [0m[31m  at org.scalatest.Transformer.apply(Transformer.scala:22)[0m[0m
[0m[[0minfo[0m] [0m[31m  at org.scalatest.Transformer.apply(Transformer.scala:20)[0m[0m
[0m[[0minfo[0m] [0m[31m  ...[0m[0m
[0m[[0minfo[0m] [0m[31m- Leaf with 1 body *** FAILED ***[0m[0m
[0m[[0minfo[0m] [0m[31m  scala.NotImplementedError: an implementation is missing[0m[0m
[0m[[0minfo[0m] [0m[31m  at scala.Predef$.$qmark$qmark$qmark(Predef.scala:225)[0m[0m
[0m[[0minfo[0m] [0m[31m  at barneshut.package$Leaf.<init>(package.scala:72)[0m[0m
[0m[[0minfo[0m] [0m[31m  at barneshut.BarnesHutSuite$$anonfun$4.apply$mcV$sp(BarnesHutSuite.scala:37)[0m[0m
[0m[[0minfo[0m] [0m[31m  at barneshut.BarnesHutSuite$$anonfun$4.apply(BarnesHutSuite.scala:35)[0m[0m
[0m[[0minfo[0m] [0m[31m  at barneshut.BarnesHutSuite$$anonfun$4.apply(BarnesHutSuite.scala:35)[0m[0m
[0m[[0minfo[0m] [0m[31m  at org.scalatest.Transformer$$anonfun$apply$1.apply$mcV$sp(Transformer.scala:22)[0m[0m
[0m[[0minfo[0m] [0m[31m  at org.scalatest.OutcomeOf$class.outcomeOf(OutcomeOf.scala:85)[0m[0m
[0m[[0minfo[0m] [0m[31m  at org.scalatest.OutcomeOf$.outcomeOf(OutcomeOf.scala:104)[0m[0m
[0m[[0minfo[0m] [0m[31m  at org.scalatest.Transformer.apply(Transformer.scala:22)[0m[0m
[0m[[0minfo[0m] [0m[31m  at org.scalatest.Transformer.apply(Transformer.scala:20)[0m[0m
[0m[[0minfo[0m] [0m[31m  ...[0m[0m
[0m[[0minfo[0m] [0m[31m- Fork with 3 empty quadrants and 1 leaf (nw) *** FAILED ***[0m[0m
[0m[[0minfo[0m] [0m[31m  scala.NotImplementedError: an implementation is missing[0m[0m
[0m[[0minfo[0m] [0m[31m  at scala.Predef$.$qmark$qmark$qmark(Predef.scala:225)[0m[0m
[0m[[0minfo[0m] [0m[31m  at barneshut.package$Leaf.<init>(package.scala:72)[0m[0m
[0m[[0minfo[0m] [0m[31m  at barneshut.BarnesHutSuite$$anonfun$5.apply$mcV$sp(BarnesHutSuite.scala:48)[0m[0m
[0m[[0minfo[0m] [0m[31m  at barneshut.BarnesHutSuite$$anonfun$5.apply(BarnesHutSuite.scala:46)[0m[0m
[0m[[0minfo[0m] [0m[31m  at barneshut.BarnesHutSuite$$anonfun$5.apply(BarnesHutSuite.scala:46)[0m[0m
[0m[[0minfo[0m] [0m[31m  at org.scalatest.Transformer$$anonfun$apply$1.apply$mcV$sp(Transformer.scala:22)[0m[0m
[0m[[0minfo[0m] [0m[31m  at org.scalatest.OutcomeOf$class.outcomeOf(OutcomeOf.scala:85)[0m[0m
[0m[[0minfo[0m] [0m[31m  at org.scalatest.OutcomeOf$.outcomeOf(OutcomeOf.scala:104)[0m[0m
[0m[[0minfo[0m] [0m[31m  at org.scalatest.Transformer.apply(Transformer.scala:22)[0m[0m
[0m[[0minfo[0m] [0m[31m  at org.scalatest.Transformer.apply(Transformer.scala:20)[0m[0m
[0m[[0minfo[0m] [0m[31m  ...[0m[0m
[0m[[0minfo[0m] [0m[31m- Empty.insert(b) should return a Leaf with only that body *** FAILED ***[0m[0m
[0m[[0minfo[0m] [0m[31m  scala.NotImplementedError: an implementation is missing[0m[0m
[0m[[0minfo[0m] [0m[31m  at scala.Predef$.$qmark$qmark$qmark(Predef.scala:225)[0m[0m
[0m[[0minfo[0m] [0m[31m  at barneshut.package$Empty.insert(package.scala:51)[0m[0m
[0m[[0minfo[0m] [0m[31m  at barneshut.BarnesHutSuite$$anonfun$6.apply$mcV$sp(BarnesHutSuite.scala:65)[0m[0m
[0m[[0minfo[0m] [0m[31m  at barneshut.BarnesHutSuite$$anonfun$6.apply(BarnesHutSuite.scala:62)[0m[0m
[0m[[0minfo[0m] [0m[31m  at barneshut.BarnesHutSuite$$anonfun$6.apply(BarnesHutSuite.scala:62)[0m[0m
[0m[[0minfo[0m] [0m[31m  at org.scalatest.Transformer$$anonfun$apply$1.apply$mcV$sp(Transformer.scala:22)[0m[0m
[0m[[0minfo[0m] [0m[31m  at org.scalatest.OutcomeOf$class.outcomeOf(OutcomeOf.scala:85)[0m[0m
[0m[[0minfo[0m] [0m[31m  at org.scalatest.OutcomeOf$.outcomeOf(OutcomeOf.scala:104)[0m[0m
[0m[[0minfo[0m] [0m[31m  at org.scalatest.Transformer.apply(Transformer.scala:22)[0m[0m
[0m[[0minfo[0m] [0m[31m  at org.scalatest.Transformer.apply(Transformer.scala:20)[0m[0m
[0m[[0minfo[0m] [0m[31m  ...[0m[0m
[0m[[0minfo[0m] [0m[32m- Body.updated should do nothing for Empty quad trees[0m[0m
[0m[[0minfo[0m] [0m[31m- Body.updated should take bodies in a Leaf into account *** FAILED ***[0m[0m
[0m[[0minfo[0m] [0m[31m  scala.NotImplementedError: an implementation is missing[0m[0m
[0m[[0minfo[0m] [0m[31m  at scala.Predef$.$qmark$qmark$qmark(Predef.scala:225)[0m[0m
[0m[[0minfo[0m] [0m[31m  at barneshut.package$Leaf.<init>(package.scala:72)[0m[0m
[0m[[0minfo[0m] [0m[31m  at barneshut.BarnesHutSuite$$anonfun$8.apply$mcV$sp(BarnesHutSuite.scala:92)[0m[0m
[0m[[0minfo[0m] [0m[31m  at barneshut.BarnesHutSuite$$anonfun$8.apply(BarnesHutSuite.scala:87)[0m[0m
[0m[[0minfo[0m] [0m[31m  at barneshut.BarnesHutSuite$$anonfun$8.apply(BarnesHutSuite.scala:87)[0m[0m
[0m[[0minfo[0m] [0m[31m  at org.scalatest.Transformer$$anonfun$apply$1.apply$mcV$sp(Transformer.scala:22)[0m[0m
[0m[[0minfo[0m] [0m[31m  at org.scalatest.OutcomeOf$class.outcomeOf(OutcomeOf.scala:85)[0m[0m
[0m[[0minfo[0m] [0m[31m  at org.scalatest.OutcomeOf$.outcomeOf(OutcomeOf.scala:104)[0m[0m
[0m[[0minfo[0m] [0m[31m  at org.scalatest.Transformer.apply(Transformer.scala:22)[0m[0m
[0m[[0minfo[0m] [0m[31m  at org.scalatest.Transformer.apply(Transformer.scala:20)[0m[0m
[0m[[0minfo[0m] [0m[31m  ...[0m[0m
[0m[[0minfo[0m] [0m[31m- 'SectorMatrix.+=' should add a body at (25,47) to the correct bucket of a sector matrix of size 96 *** FAILED ***[0m[0m
[0m[[0minfo[0m] [0m[31m  scala.NotImplementedError: an implementation is missing[0m[0m
[0m[[0minfo[0m] [0m[31m  at scala.Predef$.$qmark$qmark$qmark(Predef.scala:225)[0m[0m
[0m[[0minfo[0m] [0m[31m  at barneshut.package$SectorMatrix.$plus$eq(package.scala:151)[0m[0m
[0m[[0minfo[0m] [0m[31m  at barneshut.BarnesHutSuite$$anonfun$9.apply$mcV$sp(BarnesHutSuite.scala:110)[0m[0m
[0m[[0minfo[0m] [0m[31m  at barneshut.BarnesHutSuite$$anonfun$9.apply(BarnesHutSuite.scala:102)[0m[0m
[0m[[0minfo[0m] [0m[31m  at barneshut.BarnesHutSuite$$anonfun$9.apply(BarnesHutSuite.scala:102)[0m[0m
[0m[[0minfo[0m] [0m[31m  at org.scalatest.Transformer$$anonfun$apply$1.apply$mcV$sp(Transformer.scala:22)[0m[0m
[0m[[0minfo[0m] [0m[31m  at org.scalatest.OutcomeOf$class.outcomeOf(OutcomeOf.scala:85)[0m[0m
[0m[[0minfo[0m] [0m[31m  at org.scalatest.OutcomeOf$.outcomeOf(OutcomeOf.scala:104)[0m[0m
[0m[[0minfo[0m] [0m[31m  at org.scalatest.Transformer.apply(Transformer.scala:22)[0m[0m
[0m[[0minfo[0m] [0m[31m  at org.scalatest.Transformer.apply(Transformer.scala:20)[0m[0m
[0m[[0minfo[0m] [0m[31m  ...[0m[0m
